<?xml version="1.0" encoding="UTF-8"?>
<!-- Generated by org.testng.reporters.JUnitReportReporter -->
<testsuite skipped="0" hostname="DESKTOP-L7VLSGE" name="com.app.test.loginTestPage" tests="1" failures="0" timestamp="2021-09-05T12:01:08 IST" time="4.186" errors="0">
  <testcase name="verifyloginCredentials" time="4.186" classname="com.app.test.loginTestPage"/>
  <system-out/>
</testsuite> <!-- com.app.test.loginTestPage -->
